Mono path[0] = '/app/Thesis-ObjectCollector/exe/ObjectCollector_Data/Managed'
Mono config path = '/app/Thesis-ObjectCollector/exe/ObjectCollector_Data/MonoBleedingEdge/etc'
Found 1 interfaces on host : 0) 172.17.0.6
Multi-casting "[IP] 172.17.0.6 [Port] 55268 [Flags] 2 [Guid] 1224652918 [EditorId] 4036435880 [Version] 1048832 [Id] LinuxPlayer(13,172.17.0.6) [Debug] 0 [PackageName] LinuxPlayer [ProjectName] ObjectCollector" to [225.0.0.222:54997]...
Preloaded 'lib_burst_generated.so'
Preloaded 'libgrpc_csharp_ext.x64.so'
PlayerPrefs - Creating folder: /home/user/.config/unity3d/DefaultCompany
PlayerPrefs - Creating folder: /home/user/.config/unity3d/DefaultCompany/ObjectCollector
Unable to load player prefs
Initialize engine version: 2022.1.0b16 (098023fe5c31)
[Subsystems] Discovering subsystems at path /app/Thesis-ObjectCollector/exe/ObjectCollector_Data/UnitySubsystems
Forcing GfxDevice: Null
GfxDevice: creating device client; threaded=0; jobified=0
NullGfxDevice:
    Version:  NULL 1.0 [1.0]
    Renderer: Null Device
    Vendor:   Unity Technologies
FMOD initialized on nosound output
Begin MonoManager ReloadAssembly
- Completed reload, in  0.114 seconds
ERROR: Shader Sprites/Default shader is not supported on this GPU (none of subshaders/fallbacks are suitable)
ERROR: Shader Sprites/Mask shader is not supported on this GPU (none of subshaders/fallbacks are suitable)
UnloadTime: 0.698600 ms
Command line arguments passed: /app/Thesis-ObjectCollector/exe/ObjectCollector.x86_64 -nographics -batchmode --mlagents-port 5005 -logFile /app/results/Problem_A_full_1_Poca/run_logs/Player-0.log --mlagents-scene-name Problem_A_full_1 --max-capacity 40
ERROR: Shader Legacy Shaders/VertexLit shader is not supported on this GPU (none of subshaders/fallbacks are suitable)
WARNING: Shader Unsupported: 'Legacy Shaders/Diffuse' - All subshaders removed
WARNING: Shader Did you use #pragma only_renderers and omit this platform?
WARNING: Shader If subshaders removal was intentional, you may have forgotten turning Fallback off?
ERROR: Shader Legacy Shaders/Diffuse shader is not supported on this GPU (none of subshaders/fallbacks are suitable)
WARNING: Shader Unsupported: 'Legacy Shaders/Diffuse' - All subshaders removed
WARNING: Shader Did you use #pragma only_renderers and omit this platform?
WARNING: Shader If subshaders removal was intentional, you may have forgotten turning Fallback off?
WARNING: Shader Unsupported: 'ML-Agents/GridPattern' - All subshaders removed
WARNING: Shader Did you use #pragma only_renderers and omit this platform?
WARNING: Shader If subshaders removal was intentional, you may have forgotten turning Fallback off?
ERROR: Shader ML-Agents/GridPattern shader is not supported on this GPU (none of subshaders/fallbacks are suitable)
WARNING: Shader Unsupported: 'ML-Agents/GridPattern' - All subshaders removed
WARNING: Shader Did you use #pragma only_renderers and omit this platform?
WARNING: Shader If subshaders removal was intentional, you may have forgotten turning Fallback off?
WARNING: Shader Unsupported: 'Autodesk Interactive' - All subshaders removed
WARNING: Shader Did you use #pragma only_renderers and omit this platform?
WARNING: Shader If subshaders removal was intentional, you may have forgotten turning Fallback off?
ERROR: Shader Autodesk Interactive shader is not supported on this GPU (none of subshaders/fallbacks are suitable)
WARNING: Shader Unsupported: 'Autodesk Interactive' - All subshaders removed
WARNING: Shader Did you use #pragma only_renderers and omit this platform?
WARNING: Shader If subshaders removal was intentional, you may have forgotten turning Fallback off?
WARNING: Shader Unsupported: 'Standard' - All subshaders removed
WARNING: Shader Did you use #pragma only_renderers and omit this platform?
WARNING: Shader If subshaders removal was intentional, you may have forgotten turning Fallback off?
ERROR: Shader Standard shader is not supported on this GPU (none of subshaders/fallbacks are suitable)
WARNING: Shader Unsupported: 'Standard' - All subshaders removed
WARNING: Shader Did you use #pragma only_renderers and omit this platform?
WARNING: Shader If subshaders removal was intentional, you may have forgotten turning Fallback off?
ERROR: Shader GUI/Text Shader shader is not supported on this GPU (none of subshaders/fallbacks are suitable)
Unloading 5 Unused Serialized files (Serialized files now loaded: 0)
UnloadTime: 0.366700 ms
A nested collider's tag must match its parent DetectableGameObject's tag. Changing 'Untagged' to 'agent' for collider 'Basket_botttom'.
UnityEngine.StackTraceUtility:ExtractStackTrace ()
UnityEngine.DebugLogHandler:LogFormat (UnityEngine.LogType,UnityEngine.Object,string,object[])
UnityEngine.Logger:Log (UnityEngine.LogType,object)
UnityEngine.Debug:LogWarning (object)
MBaske.Sensors.Grid.DetectableGameObject:ValidateColliderTags ()
MBaske.Sensors.Grid.DetectableGameObject:HandleAwake ()
MBaske.Sensors.Grid.DetectableGameObject:Awake ()

A nested collider's tag must match its parent DetectableGameObject's tag. Changing 'Untagged' to 'agent' for collider 'Basket_left'.
UnityEngine.StackTraceUtility:ExtractStackTrace ()
UnityEngine.DebugLogHandler:LogFormat (UnityEngine.LogType,UnityEngine.Object,string,object[])
UnityEngine.Logger:Log (UnityEngine.LogType,object)
UnityEngine.Debug:LogWarning (object)
MBaske.Sensors.Grid.DetectableGameObject:ValidateColliderTags ()
MBaske.Sensors.Grid.DetectableGameObject:HandleAwake ()
MBaske.Sensors.Grid.DetectableGameObject:Awake ()

A nested collider's tag must match its parent DetectableGameObject's tag. Changing 'Untagged' to 'agent' for collider 'Basket_right'.
UnityEngine.StackTraceUtility:ExtractStackTrace ()
UnityEngine.DebugLogHandler:LogFormat (UnityEngine.LogType,UnityEngine.Object,string,object[])
UnityEngine.Logger:Log (UnityEngine.LogType,object)
UnityEngine.Debug:LogWarning (object)
MBaske.Sensors.Grid.DetectableGameObject:ValidateColliderTags ()
MBaske.Sensors.Grid.DetectableGameObject:HandleAwake ()
MBaske.Sensors.Grid.DetectableGameObject:Awake ()

A nested collider's tag must match its parent DetectableGameObject's tag. Changing 'Untagged' to 'agent' for collider 'Basket_back'.
UnityEngine.StackTraceUtility:ExtractStackTrace ()
UnityEngine.DebugLogHandler:LogFormat (UnityEngine.LogType,UnityEngine.Object,string,object[])
UnityEngine.Logger:Log (UnityEngine.LogType,object)
UnityEngine.Debug:LogWarning (object)
MBaske.Sensors.Grid.DetectableGameObject:ValidateColliderTags ()
MBaske.Sensors.Grid.DetectableGameObject:HandleAwake ()
MBaske.Sensors.Grid.DetectableGameObject:Awake ()

A nested collider's tag must match its parent DetectableGameObject's tag. Changing 'Untagged' to 'agent' for collider 'left_hull'.
UnityEngine.StackTraceUtility:ExtractStackTrace ()
UnityEngine.DebugLogHandler:LogFormat (UnityEngine.LogType,UnityEngine.Object,string,object[])
UnityEngine.Logger:Log (UnityEngine.LogType,object)
UnityEngine.Debug:LogWarning (object)
MBaske.Sensors.Grid.DetectableGameObject:ValidateColliderTags ()
MBaske.Sensors.Grid.DetectableGameObject:HandleAwake ()
MBaske.Sensors.Grid.DetectableGameObject:Awake ()

A nested collider's tag must match its parent DetectableGameObject's tag. Changing 'Untagged' to 'agent' for collider 'right_hull'.
UnityEngine.StackTraceUtility:ExtractStackTrace ()
UnityEngine.DebugLogHandler:LogFormat (UnityEngine.LogType,UnityEngine.Object,string,object[])
UnityEngine.Logger:Log (UnityEngine.LogType,object)
UnityEngine.Debug:LogWarning (object)
MBaske.Sensors.Grid.DetectableGameObject:ValidateColliderTags ()
MBaske.Sensors.Grid.DetectableGameObject:HandleAwake ()
MBaske.Sensors.Grid.DetectableGameObject:Awake ()

Unloading 3 unused Assets / (0 B). Loaded Objects now: 2181.
Memory consumption went from 34.4 MB to 34.4 MB.
Total: 3.306600 ms (FindLiveObjects: 0.130300 ms CreateObjectMapping: 0.109000 ms MarkObjects: 3.045200 ms  DeleteObjects: 0.021600 ms)

ERROR: Shader UI/Default shader is not supported on this GPU (none of subshaders/fallbacks are suitable)
requesting resize 84 x 84
