Mono path[0] = '/home/hads/Thesis-ObjectCollector/exe/ObjectCollector_Data/Managed'
Mono config path = '/home/hads/Thesis-ObjectCollector/exe/ObjectCollector_Data/MonoBleedingEdge/etc'
Found 2 interfaces on host : 0) 172.16.16.5 1) 172.16.18.5
Multi-casting "[IP] 172.16.16.5 [Port] 55449 [Flags] 2 [Guid] 2177457868 [EditorId] 4036435880 [Version] 1048832 [Id] LinuxPlayer(13,172.16.16.5) [Debug] 0 [PackageName] LinuxPlayer [ProjectName] ObjectCollector" to [225.0.0.222:54997]...
Preloaded 'lib_burst_generated.so'
Preloaded 'libgrpc_csharp_ext.x64.so'
Initialize engine version: 2022.1.0b16 (098023fe5c31)
[Subsystems] Discovering subsystems at path /home/hads/Thesis-ObjectCollector/exe/ObjectCollector_Data/UnitySubsystems
Forcing GfxDevice: Null
GfxDevice: creating device client; threaded=0; jobified=0
NullGfxDevice:
    Version:  NULL 1.0 [1.0]
    Renderer: Null Device
    Vendor:   Unity Technologies
xcb_connection_has_error() returned true
Failed to create secure directory (/run/user/44088/pulse): No such file or directory
ALSA lib confmisc.c:767:(parse_card) cannot find card '0'
ALSA lib conf.c:4568:(_snd_config_evaluate) function snd_func_card_driver returned error: No such file or directory
ALSA lib confmisc.c:392:(snd_func_concat) error evaluating strings
ALSA lib conf.c:4568:(_snd_config_evaluate) function snd_func_concat returned error: No such file or directory
ALSA lib confmisc.c:1246:(snd_func_refer) error evaluating name
ALSA lib conf.c:4568:(_snd_config_evaluate) function snd_func_refer returned error: No such file or directory
ALSA lib conf.c:5047:(snd_config_expand) Evaluate error: No such file or directory
ALSA lib pcm.c:2565:(snd_pcm_open_noupdate) Unknown PCM default
FMOD failed to initialize the output device.: "Error initializing output device. " (60)
xcb_connection_has_error() returned true
Failed to create secure directory (/run/user/44088/pulse): No such file or directory
Forced to initialize FMOD to to the device driver's system output rate 48000, this may impact performance and/or give inconsistent experiences compared to selected sample rate 48000
ALSA lib confmisc.c:767:(parse_card) cannot find card '0'
ALSA lib conf.c:4568:(_snd_config_evaluate) function snd_func_card_driver returned error: No such file or directory
ALSA lib confmisc.c:392:(snd_func_concat) error evaluating strings
ALSA lib conf.c:4568:(_snd_config_evaluate) function snd_func_concat returned error: No such file or directory
ALSA lib confmisc.c:1246:(snd_func_refer) error evaluating name
ALSA lib conf.c:4568:(_snd_config_evaluate) function snd_func_refer returned error: No such file or directory
ALSA lib conf.c:5047:(snd_config_expand) Evaluate error: No such file or directory
ALSA lib pcm.c:2565:(snd_pcm_open_noupdate) Unknown PCM default
FMOD failed to initialize the output device.: "Error initializing output device. " (60)
FMOD initialized on nosound output
Begin MonoManager ReloadAssembly
- Completed reload, in  1.577 seconds
ERROR: Shader Sprites/Default shader is not supported on this GPU (none of subshaders/fallbacks are suitable)
ERROR: Shader Sprites/Mask shader is not supported on this GPU (none of subshaders/fallbacks are suitable)
UnloadTime: 1.528744 ms
Command line arguments passed: /home/hads/Thesis-ObjectCollector/exe/ObjectCollector.x86_64 -nographics -batchmode --mlagents-port 5108 -logFile /home/hads/Thesis-ObjectCollector/results/Problem_A_full_1_Poca_limited/run_logs/Player-0.log --mlagents-scene-name Problem_A_full_1 --max-capacity 15
ERROR: Shader Legacy Shaders/VertexLit shader is not supported on this GPU (none of subshaders/fallbacks are suitable)
WARNING: Shader Unsupported: 'Legacy Shaders/Diffuse' - All subshaders removed
WARNING: Shader Did you use #pragma only_renderers and omit this platform?
WARNING: Shader If subshaders removal was intentional, you may have forgotten turning Fallback off?
ERROR: Shader Legacy Shaders/Diffuse shader is not supported on this GPU (none of subshaders/fallbacks are suitable)
WARNING: Shader Unsupported: 'Legacy Shaders/Diffuse' - All subshaders removed
WARNING: Shader Did you use #pragma only_renderers and omit this platform?
WARNING: Shader If subshaders removal was intentional, you may have forgotten turning Fallback off?
WARNING: Shader Unsupported: 'ML-Agents/GridPattern' - All subshaders removed
WARNING: Shader Did you use #pragma only_renderers and omit this platform?
WARNING: Shader If subshaders removal was intentional, you may have forgotten turning Fallback off?
ERROR: Shader ML-Agents/GridPattern shader is not supported on this GPU (none of subshaders/fallbacks are suitable)
WARNING: Shader Unsupported: 'ML-Agents/GridPattern' - All subshaders removed
WARNING: Shader Did you use #pragma only_renderers and omit this platform?
WARNING: Shader If subshaders removal was intentional, you may have forgotten turning Fallback off?
WARNING: Shader Unsupported: 'Autodesk Interactive' - All subshaders removed
WARNING: Shader Did you use #pragma only_renderers and omit this platform?
WARNING: Shader If subshaders removal was intentional, you may have forgotten turning Fallback off?
ERROR: Shader Autodesk Interactive shader is not supported on this GPU (none of subshaders/fallbacks are suitable)
WARNING: Shader Unsupported: 'Autodesk Interactive' - All subshaders removed
WARNING: Shader Did you use #pragma only_renderers and omit this platform?
WARNING: Shader If subshaders removal was intentional, you may have forgotten turning Fallback off?
WARNING: Shader Unsupported: 'Standard' - All subshaders removed
WARNING: Shader Did you use #pragma only_renderers and omit this platform?
WARNING: Shader If subshaders removal was intentional, you may have forgotten turning Fallback off?
ERROR: Shader Standard shader is not supported on this GPU (none of subshaders/fallbacks are suitable)
WARNING: Shader Unsupported: 'Standard' - All subshaders removed
WARNING: Shader Did you use #pragma only_renderers and omit this platform?
WARNING: Shader If subshaders removal was intentional, you may have forgotten turning Fallback off?
ERROR: Shader GUI/Text Shader shader is not supported on this GPU (none of subshaders/fallbacks are suitable)
Unloading 5 Unused Serialized files (Serialized files now loaded: 0)
UnloadTime: 0.498057 ms
A nested collider's tag must match its parent DetectableGameObject's tag. Changing 'Untagged' to 'agent' for collider 'Basket_botttom'.
UnityEngine.StackTraceUtility:ExtractStackTrace ()
UnityEngine.DebugLogHandler:LogFormat (UnityEngine.LogType,UnityEngine.Object,string,object[])
UnityEngine.Logger:Log (UnityEngine.LogType,object)
UnityEngine.Debug:LogWarning (object)
MBaske.Sensors.Grid.DetectableGameObject:ValidateColliderTags ()
MBaske.Sensors.Grid.DetectableGameObject:HandleAwake ()
MBaske.Sensors.Grid.DetectableGameObject:Awake ()

A nested collider's tag must match its parent DetectableGameObject's tag. Changing 'Untagged' to 'agent' for collider 'Basket_left'.
UnityEngine.StackTraceUtility:ExtractStackTrace ()
UnityEngine.DebugLogHandler:LogFormat (UnityEngine.LogType,UnityEngine.Object,string,object[])
UnityEngine.Logger:Log (UnityEngine.LogType,object)
UnityEngine.Debug:LogWarning (object)
MBaske.Sensors.Grid.DetectableGameObject:ValidateColliderTags ()
MBaske.Sensors.Grid.DetectableGameObject:HandleAwake ()
MBaske.Sensors.Grid.DetectableGameObject:Awake ()

A nested collider's tag must match its parent DetectableGameObject's tag. Changing 'Untagged' to 'agent' for collider 'Basket_right'.
UnityEngine.StackTraceUtility:ExtractStackTrace ()
UnityEngine.DebugLogHandler:LogFormat (UnityEngine.LogType,UnityEngine.Object,string,object[])
UnityEngine.Logger:Log (UnityEngine.LogType,object)
UnityEngine.Debug:LogWarning (object)
MBaske.Sensors.Grid.DetectableGameObject:ValidateColliderTags ()
MBaske.Sensors.Grid.DetectableGameObject:HandleAwake ()
MBaske.Sensors.Grid.DetectableGameObject:Awake ()

A nested collider's tag must match its parent DetectableGameObject's tag. Changing 'Untagged' to 'agent' for collider 'Basket_back'.
UnityEngine.StackTraceUtility:ExtractStackTrace ()
UnityEngine.DebugLogHandler:LogFormat (UnityEngine.LogType,UnityEngine.Object,string,object[])
UnityEngine.Logger:Log (UnityEngine.LogType,object)
UnityEngine.Debug:LogWarning (object)
MBaske.Sensors.Grid.DetectableGameObject:ValidateColliderTags ()
MBaske.Sensors.Grid.DetectableGameObject:HandleAwake ()
MBaske.Sensors.Grid.DetectableGameObject:Awake ()

A nested collider's tag must match its parent DetectableGameObject's tag. Changing 'Untagged' to 'agent' for collider 'left_hull'.
UnityEngine.StackTraceUtility:ExtractStackTrace ()
UnityEngine.DebugLogHandler:LogFormat (UnityEngine.LogType,UnityEngine.Object,string,object[])
UnityEngine.Logger:Log (UnityEngine.LogType,object)
UnityEngine.Debug:LogWarning (object)
MBaske.Sensors.Grid.DetectableGameObject:ValidateColliderTags ()
MBaske.Sensors.Grid.DetectableGameObject:HandleAwake ()
MBaske.Sensors.Grid.DetectableGameObject:Awake ()

A nested collider's tag must match its parent DetectableGameObject's tag. Changing 'Untagged' to 'agent' for collider 'right_hull'.
UnityEngine.StackTraceUtility:ExtractStackTrace ()
UnityEngine.DebugLogHandler:LogFormat (UnityEngine.LogType,UnityEngine.Object,string,object[])
UnityEngine.Logger:Log (UnityEngine.LogType,object)
UnityEngine.Debug:LogWarning (object)
MBaske.Sensors.Grid.DetectableGameObject:ValidateColliderTags ()
MBaske.Sensors.Grid.DetectableGameObject:HandleAwake ()
MBaske.Sensors.Grid.DetectableGameObject:Awake ()

Unloading 3 unused Assets / (0 B). Loaded Objects now: 2183.
Memory consumption went from 34.4 MB to 34.4 MB.
Total: 2.013815 ms (FindLiveObjects: 0.108798 ms CreateObjectMapping: 0.046993 ms MarkObjects: 1.846600 ms  DeleteObjects: 0.009311 ms)

ERROR: Shader UI/Default shader is not supported on this GPU (none of subshaders/fallbacks are suitable)
requesting resize 84 x 84
