Mono path[0] = '/app/Thesis-ObjectCollector/exe/ObjectCollector_Data/Managed'
Mono config path = '/app/Thesis-ObjectCollector/exe/ObjectCollector_Data/MonoBleedingEdge/etc'
Preloaded 'lib_burst_generated.so'
Preloaded 'libgrpc_csharp_ext.x64.so'
PlayerPrefs - Creating folder: /home/user/.config/unity3d/DefaultCompany
PlayerPrefs - Creating folder: /home/user/.config/unity3d/DefaultCompany/ObjectCollector
Unable to load player prefs
Initialize engine version: 2022.1.0b14 (eb6fa39764cb)
[Subsystems] Discovering subsystems at path /app/Thesis-ObjectCollector/exe/ObjectCollector_Data/UnitySubsystems
Forcing GfxDevice: Null
GfxDevice: creating device client; threaded=0; jobified=0
NullGfxDevice:
    Version:  NULL 1.0 [1.0]
    Renderer: Null Device
    Vendor:   Unity Technologies
FMOD initialized on nosound output
Begin MonoManager ReloadAssembly
- Completed reload, in  0.065 seconds
ERROR: Shader Sprites/Default shader is not supported on this GPU (none of subshaders/fallbacks are suitable)
ERROR: Shader Sprites/Mask shader is not supported on this GPU (none of subshaders/fallbacks are suitable)
UnloadTime: 0.474700 ms
Command line arguments passed: /app/Thesis-ObjectCollector/exe/ObjectCollector.x86_64 -nographics -batchmode --mlagents-port 5005 -logFile /app/results/Problem_A_full_4_Poca/run_logs/Player-0.log --mlagents-scene-name Problem_A_full_4
ERROR: Shader Legacy Shaders/VertexLit shader is not supported on this GPU (none of subshaders/fallbacks are suitable)
WARNING: Shader Unsupported: 'Legacy Shaders/Diffuse' - All subshaders removed
WARNING: Shader Did you use #pragma only_renderers and omit this platform?
WARNING: Shader If subshaders removal was intentional, you may have forgotten turning Fallback off?
ERROR: Shader Legacy Shaders/Diffuse shader is not supported on this GPU (none of subshaders/fallbacks are suitable)
WARNING: Shader Unsupported: 'Legacy Shaders/Diffuse' - All subshaders removed
WARNING: Shader Did you use #pragma only_renderers and omit this platform?
WARNING: Shader If subshaders removal was intentional, you may have forgotten turning Fallback off?
WARNING: Shader Unsupported: 'ML-Agents/GridPattern' - All subshaders removed
WARNING: Shader Did you use #pragma only_renderers and omit this platform?
WARNING: Shader If subshaders removal was intentional, you may have forgotten turning Fallback off?
ERROR: Shader ML-Agents/GridPattern shader is not supported on this GPU (none of subshaders/fallbacks are suitable)
WARNING: Shader Unsupported: 'ML-Agents/GridPattern' - All subshaders removed
WARNING: Shader Did you use #pragma only_renderers and omit this platform?
WARNING: Shader If subshaders removal was intentional, you may have forgotten turning Fallback off?
WARNING: Shader Unsupported: 'Autodesk Interactive' - All subshaders removed
WARNING: Shader Did you use #pragma only_renderers and omit this platform?
WARNING: Shader If subshaders removal was intentional, you may have forgotten turning Fallback off?
ERROR: Shader Autodesk Interactive shader is not supported on this GPU (none of subshaders/fallbacks are suitable)
WARNING: Shader Unsupported: 'Autodesk Interactive' - All subshaders removed
WARNING: Shader Did you use #pragma only_renderers and omit this platform?
WARNING: Shader If subshaders removal was intentional, you may have forgotten turning Fallback off?
WARNING: Shader Unsupported: 'Standard' - All subshaders removed
WARNING: Shader Did you use #pragma only_renderers and omit this platform?
WARNING: Shader If subshaders removal was intentional, you may have forgotten turning Fallback off?
Unloading 6 Unused Serialized files (Serialized files now loaded: 0)
ERROR: Shader Standard shader is not supported on this GPU (none of subshaders/fallbacks are suitable)
WARNING: Shader Unsupported: 'Standard' - All subshaders removed
WARNING: Shader Did you use #pragma only_renderers and omit this platform?
WARNING: Shader If subshaders removal was intentional, you may have forgotten turning Fallback off?
ERROR: Shader GUI/Text Shader shader is not supported on this GPU (none of subshaders/fallbacks are suitable)
UnloadTime: 0.315200 ms
Unloading 3 unused Assets to reduce memory usage. Loaded Objects now: 2101.
Total: 1.947200 ms (FindLiveObjects: 0.071500 ms CreateObjectMapping: 0.063500 ms MarkObjects: 1.790300 ms  DeleteObjects: 0.021400 ms)

ERROR: Shader UI/Default shader is not supported on this GPU (none of subshaders/fallbacks are suitable)
requesting resize 84 x 84
InvalidOperationException: Collection was modified; enumeration operation may not execute.
  at System.Collections.Generic.HashSet`1+Enumerator[T].MoveNext () [0x00013] in <519bc09a56b34efe806792e4e4654a85>:0 
  at Unity.MLAgents.SimpleMultiAgentGroup.GroupEpisodeInterrupted () [0x0001a] in <c19912d4c8554c7baa6a33394ab5bce1>:0 
  at ObjectCollectorSettings.FixedUpdate () [0x00025] in <65536961e3d645078cd1c37dc1648195>:0 

InvalidOperationException: Collection was modified; enumeration operation may not execute.
  at System.Collections.Generic.HashSet`1+Enumerator[T].MoveNext () [0x00013] in <519bc09a56b34efe806792e4e4654a85>:0 
  at Unity.MLAgents.SimpleMultiAgentGroup.GroupEpisodeInterrupted () [0x0001a] in <c19912d4c8554c7baa6a33394ab5bce1>:0 
  at ObjectCollectorSettings.FixedUpdate () [0x00025] in <65536961e3d645078cd1c37dc1648195>:0 

InvalidOperationException: Collection was modified; enumeration operation may not execute.
  at System.Collections.Generic.HashSet`1+Enumerator[T].MoveNext () [0x00013] in <519bc09a56b34efe806792e4e4654a85>:0 
  at Unity.MLAgents.SimpleMultiAgentGroup.GroupEpisodeInterrupted () [0x0001a] in <c19912d4c8554c7baa6a33394ab5bce1>:0 
  at ObjectCollectorSettings.FixedUpdate () [0x00025] in <65536961e3d645078cd1c37dc1648195>:0 

InvalidOperationException: Collection was modified; enumeration operation may not execute.
  at System.Collections.Generic.HashSet`1+Enumerator[T].MoveNext () [0x00013] in <519bc09a56b34efe806792e4e4654a85>:0 
  at Unity.MLAgents.SimpleMultiAgentGroup.GroupEpisodeInterrupted () [0x0001a] in <c19912d4c8554c7baa6a33394ab5bce1>:0 
  at ObjectCollectorSettings.FixedUpdate () [0x00025] in <65536961e3d645078cd1c37dc1648195>:0 

InvalidOperationException: Collection was modified; enumeration operation may not execute.
  at System.Collections.Generic.HashSet`1+Enumerator[T].MoveNext () [0x00013] in <519bc09a56b34efe806792e4e4654a85>:0 
  at Unity.MLAgents.SimpleMultiAgentGroup.GroupEpisodeInterrupted () [0x0001a] in <c19912d4c8554c7baa6a33394ab5bce1>:0 
  at ObjectCollectorSettings.FixedUpdate () [0x00025] in <65536961e3d645078cd1c37dc1648195>:0 

InvalidOperationException: Collection was modified; enumeration operation may not execute.
  at System.Collections.Generic.HashSet`1+Enumerator[T].MoveNext () [0x00013] in <519bc09a56b34efe806792e4e4654a85>:0 
  at Unity.MLAgents.SimpleMultiAgentGroup.GroupEpisodeInterrupted () [0x0001a] in <c19912d4c8554c7baa6a33394ab5bce1>:0 
  at ObjectCollectorSettings.FixedUpdate () [0x00025] in <65536961e3d645078cd1c37dc1648195>:0 

InvalidOperationException: Collection was modified; enumeration operation may not execute.
  at System.Collections.Generic.HashSet`1+Enumerator[T].MoveNext () [0x00013] in <519bc09a56b34efe806792e4e4654a85>:0 
  at Unity.MLAgents.SimpleMultiAgentGroup.GroupEpisodeInterrupted () [0x0001a] in <c19912d4c8554c7baa6a33394ab5bce1>:0 
  at ObjectCollectorSettings.FixedUpdate () [0x00025] in <65536961e3d645078cd1c37dc1648195>:0 

InvalidOperationException: Collection was modified; enumeration operation may not execute.
  at System.Collections.Generic.HashSet`1+Enumerator[T].MoveNext () [0x00013] in <519bc09a56b34efe806792e4e4654a85>:0 
  at Unity.MLAgents.SimpleMultiAgentGroup.GroupEpisodeInterrupted () [0x0001a] in <c19912d4c8554c7baa6a33394ab5bce1>:0 
  at ObjectCollectorSettings.FixedUpdate () [0x00025] in <65536961e3d645078cd1c37dc1648195>:0 

InvalidOperationException: Collection was modified; enumeration operation may not execute.
  at System.Collections.Generic.HashSet`1+Enumerator[T].MoveNext () [0x00013] in <519bc09a56b34efe806792e4e4654a85>:0 
  at Unity.MLAgents.SimpleMultiAgentGroup.GroupEpisodeInterrupted () [0x0001a] in <c19912d4c8554c7baa6a33394ab5bce1>:0 
  at ObjectCollectorSettings.FixedUpdate () [0x00025] in <65536961e3d645078cd1c37dc1648195>:0 

InvalidOperationException: Collection was modified; enumeration operation may not execute.
  at System.Collections.Generic.HashSet`1+Enumerator[T].MoveNext () [0x00013] in <519bc09a56b34efe806792e4e4654a85>:0 
  at Unity.MLAgents.SimpleMultiAgentGroup.GroupEpisodeInterrupted () [0x0001a] in <c19912d4c8554c7baa6a33394ab5bce1>:0 
  at ObjectCollectorSettings.FixedUpdate () [0x00025] in <65536961e3d645078cd1c37dc1648195>:0 

InvalidOperationException: Collection was modified; enumeration operation may not execute.
  at System.Collections.Generic.HashSet`1+Enumerator[T].MoveNext () [0x00013] in <519bc09a56b34efe806792e4e4654a85>:0 
  at Unity.MLAgents.SimpleMultiAgentGroup.GroupEpisodeInterrupted () [0x0001a] in <c19912d4c8554c7baa6a33394ab5bce1>:0 
  at ObjectCollectorSettings.FixedUpdate () [0x00025] in <65536961e3d645078cd1c37dc1648195>:0 

InvalidOperationException: Collection was modified; enumeration operation may not execute.
  at System.Collections.Generic.HashSet`1+Enumerator[T].MoveNext () [0x00013] in <519bc09a56b34efe806792e4e4654a85>:0 
  at Unity.MLAgents.SimpleMultiAgentGroup.GroupEpisodeInterrupted () [0x0001a] in <c19912d4c8554c7baa6a33394ab5bce1>:0 
  at ObjectCollectorSettings.FixedUpdate () [0x00025] in <65536961e3d645078cd1c37dc1648195>:0 

InvalidOperationException: Collection was modified; enumeration operation may not execute.
  at System.Collections.Generic.HashSet`1+Enumerator[T].MoveNext () [0x00013] in <519bc09a56b34efe806792e4e4654a85>:0 
  at Unity.MLAgents.SimpleMultiAgentGroup.GroupEpisodeInterrupted () [0x0001a] in <c19912d4c8554c7baa6a33394ab5bce1>:0 
  at ObjectCollectorSettings.FixedUpdate () [0x00025] in <65536961e3d645078cd1c37dc1648195>:0 

InvalidOperationException: Collection was modified; enumeration operation may not execute.
  at System.Collections.Generic.HashSet`1+Enumerator[T].MoveNext () [0x00013] in <519bc09a56b34efe806792e4e4654a85>:0 
  at Unity.MLAgents.SimpleMultiAgentGroup.GroupEpisodeInterrupted () [0x0001a] in <c19912d4c8554c7baa6a33394ab5bce1>:0 
  at ObjectCollectorSettings.FixedUpdate () [0x00025] in <65536961e3d645078cd1c37dc1648195>:0 

